{"sessionId": "5ce319", "timestamp": 1775151727014, "hypothesisId": "A", "location": "app.py:parse_and_execute", "message": "enter", "data": {"text": "open notepad", "lower": "open notepad"}, "runId": "pre-fix"}
{"sessionId": "5ce319", "timestamp": 1775151727016, "hypothesisId": "D", "location": "app.py:parse_and_execute", "message": "open_verb_parsed", "data": {"target": "notepad", "target_no_ws": "notepad"}, "runId": "pre-fix"}
{"sessionId": "5ce319", "timestamp": 1775151727017, "hypothesisId": "D", "location": "app.py:parse_and_execute", "message": "branch_app_mapped", "data": {"map_name": "notepad", "launch_cmd": "notepad"}, "runId": "pre-fix"}
{"sessionId": "5ce319", "timestamp": 1775151727022, "hypothesisId": "B", "location": "app.py:_run_windows_app", "message": "candidates_built", "data": {"command": "notepad", "which": "C:\\WINDOWS\\system32\\notepad.EXE", "candidates": ["C:\\WINDOWS\\system32\\notepad.EXE", "notepad"], "resolved_files": ["C:\\WINDOWS\\system32\\notepad.EXE"]}, "runId": "pre-fix"}
{"sessionId": "5ce319", "timestamp": 1775151727195, "hypothesisId": "B", "location": "app.py:_run_windows_app", "message": "launch_ok", "data": {"command": "notepad", "method": "startfile", "path": "C:\\WINDOWS\\system32\\notepad.EXE", "attempts": [{"path": "C:\\WINDOWS\\system32\\notepad.EXE", "method": "startfile", "ok": true}]}, "runId": "pre-fix"}
{"sessionId": "5ce319", "timestamp": 1775151727196, "hypothesisId": "A", "location": "app.py:parse_and_execute", "message": "enter", "data": {"text": "open maps", "lower": "open maps"}, "runId": "pre-fix"}
{"sessionId": "5ce319", "timestamp": 1775151727197, "hypothesisId": "D", "location": "app.py:parse_and_execute", "message": "open_verb_parsed", "data": {"target": "maps", "target_no_ws": "maps"}, "runId": "pre-fix"}
{"sessionId": "5ce319", "timestamp": 1775151727198, "hypothesisId": "D", "location": "app.py:parse_and_execute", "message": "branch_app_mapped", "data": {"map_name": "maps", "launch_cmd": "ms-windowsmaps:"}, "runId": "pre-fix"}
{"sessionId": "5ce319", "timestamp": 1775151727231, "hypothesisId": "B", "location": "app.py:_run_windows_app", "message": "candidates_built", "data": {"command": "ms-windowsmaps:", "which": null, "candidates": ["ms-windowsmaps:"], "resolved_files": []}, "runId": "pre-fix"}
{"sessionId": "5ce319", "timestamp": 1775151727430, "hypothesisId": "B", "location": "app.py:_run_windows_app", "message": "launch_ok", "data": {"command": "ms-windowsmaps:", "method": "startfile", "path": "ms-windowsmaps:", "attempts": [{"path": "ms-windowsmaps:", "method": "startfile", "ok": true}]}, "runId": "pre-fix"}
{"sessionId": "5ce319", "timestamp": 1775151727431, "hypothesisId": "A", "location": "app.py:parse_and_execute", "message": "enter", "data": {"text": "open epic games", "lower": "open epic games"}, "runId": "pre-fix"}
{"sessionId": "5ce319", "timestamp": 1775151727432, "hypothesisId": "D", "location": "app.py:parse_and_execute", "message": "open_verb_parsed", "data": {"target": "epic games", "target_no_ws": "epic games"}, "runId": "pre-fix"}
{"sessionId": "5ce319", "timestamp": 1775151727433, "hypothesisId": "D", "location": "app.py:parse_and_execute", "message": "branch_app_mapped", "data": {"map_name": "epic games", "launch_cmd": "epic games"}, "runId": "pre-fix"}
{"sessionId": "5ce319", "timestamp": 1775151727454, "hypothesisId": "B", "location": "app.py:_run_windows_app", "message": "candidates_built", "data": {"command": "epic games", "which": null, "candidates": ["epic games"], "resolved_files": []}, "runId": "pre-fix"}
{"sessionId": "5ce319", "timestamp": 1775151727491, "hypothesisId": "B", "location": "app.py:_run_windows_app", "message": "all_launch_fail", "data": {"command": "epic games", "attempts": [{"path": "epic games", "method": "startfile", "ok": false, "err": "[WinError 2] The system cannot find the file specified: 'epic games'"}], "allow_powershell": false}, "runId": "pre-fix"}
{"sessionId": "5ce319", "timestamp": 1775152209476, "hypothesisId": "E", "location": "app.py:command", "message": "api_command", "data": {"received": "zem zem open YouTube"}, "runId": "pre-fix"}
{"sessionId": "5ce319", "timestamp": 1775152209477, "hypothesisId": "A", "location": "app.py:parse_and_execute", "message": "enter", "data": {"text": "zem zem open YouTube", "lower": "zem zem open youtube"}, "runId": "pre-fix"}
{"sessionId": "5ce319", "timestamp": 1775152209805, "hypothesisId": "E", "location": "app.py:command", "message": "api_result", "data": {"ok": true, "action": "youtube", "message": "Opened YouTube"}, "runId": "pre-fix"}
{"sessionId": "5ce319", "timestamp": 1775152314866, "hypothesisId": "E", "location": "app.py:command", "message": "api_command", "data": {"received": "Ram open YouTube"}, "runId": "pre-fix"}
{"sessionId": "5ce319", "timestamp": 1775152314868, "hypothesisId": "A", "location": "app.py:parse_and_execute", "message": "enter", "data": {"text": "Ram open YouTube", "lower": "ram open youtube"}, "runId": "pre-fix"}
{"sessionId": "5ce319", "timestamp": 1775152314922, "hypothesisId": "E", "location": "app.py:command", "message": "api_result", "data": {"ok": true, "action": "youtube", "message": "Opened YouTube"}, "runId": "pre-fix"}
{"sessionId": "5ce319", "timestamp": 1775152334454, "hypothesisId": "E", "location": "app.py:command", "message": "api_command", "data": {"received": "Ram"}, "runId": "pre-fix"}
{"sessionId": "5ce319", "timestamp": 1775152334456, "hypothesisId": "A", "location": "app.py:parse_and_execute", "message": "enter", "data": {"text": "Ram", "lower": "ram"}, "runId": "pre-fix"}
{"sessionId": "5ce319", "timestamp": 1775152334457, "hypothesisId": "A", "location": "app.py:parse_and_execute", "message": "no_open_verb", "data": {"lower": "ram"}, "runId": "pre-fix"}
{"sessionId": "5ce319", "timestamp": 1775152334458, "hypothesisId": "E", "location": "app.py:command", "message": "api_result", "data": {"ok": false, "action": "unknown", "message": "Try: “Open YouTube”, “Play [song name] on YouTube”, or “Open Notepad”."}, "runId": "pre-fix"}
{"sessionId": "5ce319", "timestamp": 1775152437631, "hypothesisId": "E", "location": "app.py:command", "message": "api_command", "data": {"received": "YouTube"}, "runId": "pre-fix"}
{"sessionId": "5ce319", "timestamp": 1775152437632, "hypothesisId": "A", "location": "app.py:parse_and_execute", "message": "enter", "data": {"text": "YouTube", "lower": "youtube"}, "runId": "pre-fix"}
{"sessionId": "5ce319", "timestamp": 1775152437689, "hypothesisId": "E", "location": "app.py:command", "message": "api_result", "data": {"ok": true, "action": "youtube", "message": "Opened YouTube"}, "runId": "pre-fix"}
{"sessionId": "5ce319", "timestamp": 1775152702535, "hypothesisId": "E", "location": "app.py:command", "message": "api_command", "data": {"received": "Ram open YouTube"}, "runId": "pre-fix"}
{"sessionId": "5ce319", "timestamp": 1775152702537, "hypothesisId": "A", "location": "app.py:parse_and_execute", "message": "enter", "data": {"text": "Ram open YouTube", "lower": "ram open youtube"}, "runId": "pre-fix"}
{"sessionId": "5ce319", "timestamp": 1775152702750, "hypothesisId": "E", "location": "app.py:command", "message": "api_result", "data": {"ok": true, "action": "youtube", "message": "Opened YouTube"}, "runId": "pre-fix"}
{"sessionId": "5ce319", "timestamp": 1775152844999, "hypothesisId": "E", "location": "app.py:command", "message": "api_command", "data": {"received": ""}, "runId": "pre-fix"}
{"sessionId": "5ce319", "timestamp": 1775152845001, "hypothesisId": "E", "location": "app.py:command", "message": "api_result", "data": {"ok": false, "action": "none", "message": "No command heard."}, "runId": "pre-fix"}
{"sessionId": "5ce319", "timestamp": 1775152854812, "hypothesisId": "E", "location": "app.py:command", "message": "api_command", "data": {"received": "new open YouTube"}, "runId": "pre-fix"}
{"sessionId": "5ce319", "timestamp": 1775152854814, "hypothesisId": "A", "location": "app.py:parse_and_execute", "message": "enter", "data": {"text": "new open YouTube", "lower": "new open youtube"}, "runId": "pre-fix"}
{"sessionId": "5ce319", "timestamp": 1775152854883, "hypothesisId": "E", "location": "app.py:command", "message": "api_result", "data": {"ok": true, "action": "youtube", "message": "Opened YouTube"}, "runId": "pre-fix"}
{"sessionId": "5ce319", "timestamp": 1775152867406, "hypothesisId": "E", "location": "app.py:command", "message": "api_command", "data": {"received": "new open YouTube and play music"}, "runId": "pre-fix"}
{"sessionId": "5ce319", "timestamp": 1775152867407, "hypothesisId": "A", "location": "app.py:parse_and_execute", "message": "enter", "data": {"text": "new open YouTube and play music", "lower": "new open youtube and play music"}, "runId": "pre-fix"}
{"sessionId": "5ce319", "timestamp": 1775152867468, "hypothesisId": "E", "location": "app.py:command", "message": "api_result", "data": {"ok": true, "action": "youtube_search", "message": "Searching YouTube for: music"}, "runId": "pre-fix"}
{"sessionId": "5ce319", "timestamp": 1775152879950, "hypothesisId": "E", "location": "app.py:command", "message": "api_command", "data": {"received": "new open Google Maps"}, "runId": "pre-fix"}
{"sessionId": "5ce319", "timestamp": 1775152879951, "hypothesisId": "A", "location": "app.py:parse_and_execute", "message": "enter", "data": {"text": "new open Google Maps", "lower": "new open google maps"}, "runId": "pre-fix"}
{"sessionId": "5ce319", "timestamp": 1775152879952, "hypothesisId": "D", "location": "app.py:parse_and_execute", "message": "open_verb_parsed", "data": {"target": "google maps", "target_no_ws": "google maps"}, "runId": "pre-fix"}
{"sessionId": "5ce319", "timestamp": 1775152879952, "hypothesisId": "C", "location": "app.py:parse_and_execute", "message": "branch_website_known", "data": {"site": "google maps", "url": "https://www.google.com/maps"}, "runId": "pre-fix"}
{"sessionId": "5ce319", "timestamp": 1775152880001, "hypothesisId": "E", "location": "app.py:command", "message": "api_result", "data": {"ok": true, "action": "website", "message": "Opened: google maps"}, "runId": "pre-fix"}
{"sessionId": "5ce319", "timestamp": 1775152889475, "hypothesisId": "E", "location": "app.py:command", "message": "api_command", "data": {"received": "new open vs code"}, "runId": "pre-fix"}
{"sessionId": "5ce319", "timestamp": 1775152889478, "hypothesisId": "A", "location": "app.py:parse_and_execute", "message": "enter", "data": {"text": "new open vs code", "lower": "new open vs code"}, "runId": "pre-fix"}
{"sessionId": "5ce319", "timestamp": 1775152889479, "hypothesisId": "D", "location": "app.py:parse_and_execute", "message": "open_verb_parsed", "data": {"target": "vs code", "target_no_ws": "vs code"}, "runId": "pre-fix"}
{"sessionId": "5ce319", "timestamp": 1775152889480, "hypothesisId": "D", "location": "app.py:parse_and_execute", "message": "branch_app_multiline_try", "data": {"target": "vs code"}, "runId": "pre-fix"}
{"sessionId": "5ce319", "timestamp": 1775152889502, "hypothesisId": "B", "location": "app.py:_run_windows_app", "message": "candidates_built", "data": {"command": "vs code", "which": null, "candidates": ["vs code"], "resolved_files": []}, "runId": "pre-fix"}
{"sessionId": "5ce319", "timestamp": 1775152889518, "hypothesisId": "B", "location": "app.py:_run_windows_app", "message": "all_launch_fail", "data": {"command": "vs code", "attempts": [{"path": "vs code", "method": "startfile", "ok": false, "err": "[WinError 2] The system cannot find the file specified: 'vs code'"}], "allow_powershell": false}, "runId": "pre-fix"}
{"sessionId": "5ce319", "timestamp": 1775152889519, "hypothesisId": "D", "location": "app.py:parse_and_execute", "message": "branch_app_fallback", "data": {"first_token": "vs", "target": "vs code"}, "runId": "pre-fix"}
{"sessionId": "5ce319", "timestamp": 1775152889534, "hypothesisId": "B", "location": "app.py:_run_windows_app", "message": "candidates_built", "data": {"command": "vs", "which": null, "candidates": ["vs"], "resolved_files": []}, "runId": "pre-fix"}
{"sessionId": "5ce319", "timestamp": 1775152889549, "hypothesisId": "B", "location": "app.py:_run_windows_app", "message": "all_launch_fail", "data": {"command": "vs", "attempts": [{"path": "vs", "method": "startfile", "ok": false, "err": "[WinError 2] The system cannot find the file specified: 'vs'"}], "allow_powershell": false}, "runId": "pre-fix"}
{"sessionId": "5ce319", "timestamp": 1775152889550, "hypothesisId": "E", "location": "app.py:command", "message": "api_result", "data": {"ok": false, "action": "app", "message": "Could not open \"vs\". Install it or say the exact name (e.g. Open Google Chrome)."}, "runId": "pre-fix"}
{"sessionId": "5ce319", "timestamp": 1775152898458, "hypothesisId": "E", "location": "app.py:command", "message": "api_command", "data": {"received": "new open the PC"}, "runId": "pre-fix"}
{"sessionId": "5ce319", "timestamp": 1775152898459, "hypothesisId": "A", "location": "app.py:parse_and_execute", "message": "enter", "data": {"text": "new open the PC", "lower": "new open the pc"}, "runId": "pre-fix"}
{"sessionId": "5ce319", "timestamp": 1775152898459, "hypothesisId": "D", "location": "app.py:parse_and_execute", "message": "open_verb_parsed", "data": {"target": "the pc", "target_no_ws": "the pc"}, "runId": "pre-fix"}
{"sessionId": "5ce319", "timestamp": 1775152898460, "hypothesisId": "D", "location": "app.py:parse_and_execute", "message": "branch_app_multiline_try", "data": {"target": "the pc"}, "runId": "pre-fix"}
{"sessionId": "5ce319", "timestamp": 1775152898479, "hypothesisId": "B", "location": "app.py:_run_windows_app", "message": "candidates_built", "data": {"command": "the pc", "which": null, "candidates": ["the pc"], "resolved_files": []}, "runId": "pre-fix"}
{"sessionId": "5ce319", "timestamp": 1775152898491, "hypothesisId": "B", "location": "app.py:_run_windows_app", "message": "all_launch_fail", "data": {"command": "the pc", "attempts": [{"path": "the pc", "method": "startfile", "ok": false, "err": "[WinError 2] The system cannot find the file specified: 'the pc'"}], "allow_powershell": false}, "runId": "pre-fix"}
{"sessionId": "5ce319", "timestamp": 1775152898492, "hypothesisId": "D", "location": "app.py:parse_and_execute", "message": "branch_app_fallback", "data": {"first_token": "the", "target": "the pc"}, "runId": "pre-fix"}
{"sessionId": "5ce319", "timestamp": 1775152898506, "hypothesisId": "B", "location": "app.py:_run_windows_app", "message": "candidates_built", "data": {"command": "the", "which": null, "candidates": ["the"], "resolved_files": []}, "runId": "pre-fix"}
{"sessionId": "5ce319", "timestamp": 1775152898518, "hypothesisId": "B", "location": "app.py:_run_windows_app", "message": "all_launch_fail", "data": {"command": "the", "attempts": [{"path": "the", "method": "startfile", "ok": false, "err": "[WinError 2] The system cannot find the file specified: 'the'"}], "allow_powershell": false}, "runId": "pre-fix"}
{"sessionId": "5ce319", "timestamp": 1775152898518, "hypothesisId": "E", "location": "app.py:command", "message": "api_result", "data": {"ok": false, "action": "app", "message": "Could not open \"the\". Install it or say the exact name (e.g. Open Google Chrome)."}, "runId": "pre-fix"}
{"sessionId": "5ce319", "timestamp": 1775152904855, "hypothesisId": "E", "location": "app.py:command", "message": "api_command", "data": {"received": "new open spotify"}, "runId": "pre-fix"}
{"sessionId": "5ce319", "timestamp": 1775152904856, "hypothesisId": "A", "location": "app.py:parse_and_execute", "message": "enter", "data": {"text": "new open spotify", "lower": "new open spotify"}, "runId": "pre-fix"}
{"sessionId": "5ce319", "timestamp": 1775152904857, "hypothesisId": "D", "location": "app.py:parse_and_execute", "message": "open_verb_parsed", "data": {"target": "spotify", "target_no_ws": "spotify"}, "runId": "pre-fix"}
{"sessionId": "5ce319", "timestamp": 1775152904857, "hypothesisId": "D", "location": "app.py:parse_and_execute", "message": "branch_app_mapped", "data": {"map_name": "spotify", "launch_cmd": "spotify"}, "runId": "pre-fix"}
{"sessionId": "5ce319", "timestamp": 1775152904872, "hypothesisId": "B", "location": "app.py:_run_windows_app", "message": "candidates_built", "data": {"command": "spotify", "which": "C:\\Users\\adars\\AppData\\Local\\Microsoft\\WindowsApps\\spotify.EXE", "candidates": ["C:\\Users\\adars\\AppData\\Local\\Microsoft\\WindowsApps\\spotify.EXE", "spotify"], "resolved_files": ["C:\\Users\\adars\\AppData\\Local\\Microsoft\\WindowsApps\\spotify.EXE"]}, "runId": "pre-fix"}
{"sessionId": "5ce319", "timestamp": 1775152905130, "hypothesisId": "B", "location": "app.py:_run_windows_app", "message": "launch_ok", "data": {"command": "spotify", "method": "startfile", "path": "C:\\Users\\adars\\AppData\\Local\\Microsoft\\WindowsApps\\spotify.EXE", "attempts": [{"path": "C:\\Users\\adars\\AppData\\Local\\Microsoft\\WindowsApps\\spotify.EXE", "method": "startfile", "ok": true}]}, "runId": "pre-fix"}
{"sessionId": "5ce319", "timestamp": 1775152905132, "hypothesisId": "E", "location": "app.py:command", "message": "api_result", "data": {"ok": true, "action": "app", "message": "Opened: spotify"}, "runId": "pre-fix"}
{"sessionId": "5ce319", "timestamp": 1775153055952, "hypothesisId": "E", "location": "app.py:command", "message": "api_command", "data": {"received": "new open spoti"}, "runId": "pre-fix"}
{"sessionId": "5ce319", "timestamp": 1775153055954, "hypothesisId": "A", "location": "app.py:parse_and_execute", "message": "enter", "data": {"text": "new open spoti", "lower": "new open spoti"}, "runId": "pre-fix"}
{"sessionId": "5ce319", "timestamp": 1775153055954, "hypothesisId": "D", "location": "app.py:parse_and_execute", "message": "open_verb_parsed", "data": {"target": "spoti", "target_no_ws": "spoti"}, "runId": "pre-fix"}
{"sessionId": "5ce319", "timestamp": 1775153055956, "hypothesisId": "D", "location": "app.py:parse_and_execute", "message": "branch_app_fallback", "data": {"first_token": "spoti", "target": "spoti"}, "runId": "pre-fix"}
{"sessionId": "5ce319", "timestamp": 1775153055972, "hypothesisId": "B", "location": "app.py:_run_windows_app", "message": "candidates_built", "data": {"command": "spoti", "which": null, "candidates": ["spoti"], "resolved_files": []}, "runId": "pre-fix"}
{"sessionId": "5ce319", "timestamp": 1775153056002, "hypothesisId": "B", "location": "app.py:_run_windows_app", "message": "all_launch_fail", "data": {"command": "spoti", "attempts": [{"path": "spoti", "method": "startfile", "ok": false, "err": "[WinError 2] The system cannot find the file specified: 'spoti'"}], "allow_powershell": false}, "runId": "pre-fix"}
{"sessionId": "5ce319", "timestamp": 1775153056003, "hypothesisId": "E", "location": "app.py:command", "message": "api_result", "data": {"ok": false, "action": "app", "message": "Could not open \"spoti\". Install it or say the exact name (e.g. Open Google Chrome)."}, "runId": "pre-fix"}
{"sessionId": "5ce319", "timestamp": 1775153067185, "hypothesisId": "E", "location": "app.py:command", "message": "api_command", "data": {"received": "open spoti"}, "runId": "pre-fix"}
{"sessionId": "5ce319", "timestamp": 1775153067187, "hypothesisId": "A", "location": "app.py:parse_and_execute", "message": "enter", "data": {"text": "open spoti", "lower": "open spoti"}, "runId": "pre-fix"}
{"sessionId": "5ce319", "timestamp": 1775153067188, "hypothesisId": "D", "location": "app.py:parse_and_execute", "message": "open_verb_parsed", "data": {"target": "spoti", "target_no_ws": "spoti"}, "runId": "pre-fix"}
{"sessionId": "5ce319", "timestamp": 1775153067189, "hypothesisId": "D", "location": "app.py:parse_and_execute", "message": "branch_app_fallback", "data": {"first_token": "spoti", "target": "spoti"}, "runId": "pre-fix"}
{"sessionId": "5ce319", "timestamp": 1775153067205, "hypothesisId": "B", "location": "app.py:_run_windows_app", "message": "candidates_built", "data": {"command": "spoti", "which": null, "candidates": ["spoti"], "resolved_files": []}, "runId": "pre-fix"}
{"sessionId": "5ce319", "timestamp": 1775153067219, "hypothesisId": "B", "location": "app.py:_run_windows_app", "message": "all_launch_fail", "data": {"command": "spoti", "attempts": [{"path": "spoti", "method": "startfile", "ok": false, "err": "[WinError 2] The system cannot find the file specified: 'spoti'"}], "allow_powershell": false}, "runId": "pre-fix"}
{"sessionId": "5ce319", "timestamp": 1775153067219, "hypothesisId": "E", "location": "app.py:command", "message": "api_result", "data": {"ok": false, "action": "app", "message": "Could not open \"spoti\". Install it or say the exact name (e.g. Open Google Chrome)."}, "runId": "pre-fix"}
{"sessionId": "5ce319", "timestamp": 1775153074028, "hypothesisId": "E", "location": "app.py:command", "message": "api_command", "data": {"received": "open spoti"}, "runId": "pre-fix"}
{"sessionId": "5ce319", "timestamp": 1775153074029, "hypothesisId": "A", "location": "app.py:parse_and_execute", "message": "enter", "data": {"text": "open spoti", "lower": "open spoti"}, "runId": "pre-fix"}
{"sessionId": "5ce319", "timestamp": 1775153074031, "hypothesisId": "D", "location": "app.py:parse_and_execute", "message": "open_verb_parsed", "data": {"target": "spoti", "target_no_ws": "spoti"}, "runId": "pre-fix"}
{"sessionId": "5ce319", "timestamp": 1775153074032, "hypothesisId": "D", "location": "app.py:parse_and_execute", "message": "branch_app_fallback", "data": {"first_token": "spoti", "target": "spoti"}, "runId": "pre-fix"}
{"sessionId": "5ce319", "timestamp": 1775153074069, "hypothesisId": "B", "location": "app.py:_run_windows_app", "message": "candidates_built", "data": {"command": "spoti", "which": null, "candidates": ["spoti"], "resolved_files": []}, "runId": "pre-fix"}
{"sessionId": "5ce319", "timestamp": 1775153074090, "hypothesisId": "B", "location": "app.py:_run_windows_app", "message": "all_launch_fail", "data": {"command": "spoti", "attempts": [{"path": "spoti", "method": "startfile", "ok": false, "err": "[WinError 2] The system cannot find the file specified: 'spoti'"}], "allow_powershell": false}, "runId": "pre-fix"}
{"sessionId": "5ce319", "timestamp": 1775153074091, "hypothesisId": "E", "location": "app.py:command", "message": "api_result", "data": {"ok": false, "action": "app", "message": "Could not open \"spoti\". Install it or say the exact name (e.g. Open Google Chrome)."}, "runId": "pre-fix"}
{"sessionId": "5ce319", "timestamp": 1775153078306, "hypothesisId": "E", "location": "app.py:command", "message": "api_command", "data": {"received": "open YouTube"}, "runId": "pre-fix"}
{"sessionId": "5ce319", "timestamp": 1775153078307, "hypothesisId": "A", "location": "app.py:parse_and_execute", "message": "enter", "data": {"text": "open YouTube", "lower": "open youtube"}, "runId": "pre-fix"}
{"sessionId": "5ce319", "timestamp": 1775153078487, "hypothesisId": "E", "location": "app.py:command", "message": "api_result", "data": {"ok": true, "action": "youtube", "message": "Opened YouTube"}, "runId": "pre-fix"}
{"sessionId": "5ce319", "timestamp": 1775153093623, "hypothesisId": "E", "location": "app.py:command", "message": "api_command", "data": {"received": "open spotify"}, "runId": "pre-fix"}
{"sessionId": "5ce319", "timestamp": 1775153093625, "hypothesisId": "A", "location": "app.py:parse_and_execute", "message": "enter", "data": {"text": "open spotify", "lower": "open spotify"}, "runId": "pre-fix"}
{"sessionId": "5ce319", "timestamp": 1775153093626, "hypothesisId": "D", "location": "app.py:parse_and_execute", "message": "open_verb_parsed", "data": {"target": "spotify", "target_no_ws": "spotify"}, "runId": "pre-fix"}
{"sessionId": "5ce319", "timestamp": 1775153093627, "hypothesisId": "D", "location": "app.py:parse_and_execute", "message": "branch_app_mapped", "data": {"map_name": "spotify", "launch_cmd": "spotify"}, "runId": "pre-fix"}
{"sessionId": "5ce319", "timestamp": 1775153093643, "hypothesisId": "B", "location": "app.py:_run_windows_app", "message": "candidates_built", "data": {"command": "spotify", "which": "C:\\Users\\adars\\AppData\\Local\\Microsoft\\WindowsApps\\spotify.EXE", "candidates": ["C:\\Users\\adars\\AppData\\Local\\Microsoft\\WindowsApps\\spotify.EXE", "spotify"], "resolved_files": ["C:\\Users\\adars\\AppData\\Local\\Microsoft\\WindowsApps\\spotify.EXE"]}, "runId": "pre-fix"}
{"sessionId": "5ce319", "timestamp": 1775153093916, "hypothesisId": "B", "location": "app.py:_run_windows_app", "message": "launch_ok", "data": {"command": "spotify", "method": "startfile", "path": "C:\\Users\\adars\\AppData\\Local\\Microsoft\\WindowsApps\\spotify.EXE", "attempts": [{"path": "C:\\Users\\adars\\AppData\\Local\\Microsoft\\WindowsApps\\spotify.EXE", "method": "startfile", "ok": true}]}, "runId": "pre-fix"}
{"sessionId": "5ce319", "timestamp": 1775153093918, "hypothesisId": "E", "location": "app.py:command", "message": "api_result", "data": {"ok": true, "action": "app", "message": "Opened: spotify"}, "runId": "pre-fix"}
{"sessionId": "5ce319", "timestamp": 1775153102574, "hypothesisId": "E", "location": "app.py:command", "message": "api_command", "data": {"received": "open calculator"}, "runId": "pre-fix"}
{"sessionId": "5ce319", "timestamp": 1775153102576, "hypothesisId": "A", "location": "app.py:parse_and_execute", "message": "enter", "data": {"text": "open calculator", "lower": "open calculator"}, "runId": "pre-fix"}
{"sessionId": "5ce319", "timestamp": 1775153102577, "hypothesisId": "D", "location": "app.py:parse_and_execute", "message": "open_verb_parsed", "data": {"target": "calculator", "target_no_ws": "calculator"}, "runId": "pre-fix"}
{"sessionId": "5ce319", "timestamp": 1775153102578, "hypothesisId": "D", "location": "app.py:parse_and_execute", "message": "branch_app_mapped", "data": {"map_name": "calculator", "launch_cmd": "calc"}, "runId": "pre-fix"}
{"sessionId": "5ce319", "timestamp": 1775153102588, "hypothesisId": "B", "location": "app.py:_run_windows_app", "message": "candidates_built", "data": {"command": "calc", "which": "C:\\WINDOWS\\system32\\calc.EXE", "candidates": ["C:\\WINDOWS\\system32\\calc.EXE", "calc"], "resolved_files": ["C:\\WINDOWS\\system32\\calc.EXE"]}, "runId": "pre-fix"}
{"sessionId": "5ce319", "timestamp": 1775153102668, "hypothesisId": "B", "location": "app.py:_run_windows_app", "message": "launch_ok", "data": {"command": "calc", "method": "startfile", "path": "C:\\WINDOWS\\system32\\calc.EXE", "attempts": [{"path": "C:\\WINDOWS\\system32\\calc.EXE", "method": "startfile", "ok": true}]}, "runId": "pre-fix"}
{"sessionId": "5ce319", "timestamp": 1775153102675, "hypothesisId": "E", "location": "app.py:command", "message": "api_result", "data": {"ok": true, "action": "app", "message": "Opened: calc"}, "runId": "pre-fix"}
{"sessionId": "5ce319", "timestamp": 1775153116907, "hypothesisId": "E", "location": "app.py:command", "message": "api_command", "data": {"received": "hello"}, "runId": "pre-fix"}
{"sessionId": "5ce319", "timestamp": 1775153116909, "hypothesisId": "A", "location": "app.py:parse_and_execute", "message": "enter", "data": {"text": "hello", "lower": "hello"}, "runId": "pre-fix"}
{"sessionId": "5ce319", "timestamp": 1775153116910, "hypothesisId": "A", "location": "app.py:parse_and_execute", "message": "chat_response", "data": {"greeting": "hello", "response": "Hello! How can I help you?"}, "runId": "pre-fix"}
{"sessionId": "5ce319", "timestamp": 1775153116911, "hypothesisId": "E", "location": "app.py:command", "message": "api_result", "data": {"ok": true, "action": "chat", "message": "Hello! How can I help you?"}, "runId": "pre-fix"}
{"sessionId": "5ce319", "timestamp": 1775153120984, "hypothesisId": "E", "location": "app.py:command", "message": "api_command", "data": {"received": "what you doing"}, "runId": "pre-fix"}
{"sessionId": "5ce319", "timestamp": 1775153120985, "hypothesisId": "A", "location": "app.py:parse_and_execute", "message": "enter", "data": {"text": "what you doing", "lower": "what you doing"}, "runId": "pre-fix"}
{"sessionId": "5ce319", "timestamp": 1775153120985, "hypothesisId": "A", "location": "app.py:parse_and_execute", "message": "no_open_verb", "data": {"lower": "what you doing"}, "runId": "pre-fix"}
{"sessionId": "5ce319", "timestamp": 1775153120988, "hypothesisId": "E", "location": "app.py:command", "message": "api_result", "data": {"ok": false, "action": "unknown", "message": "Try: 'Open YouTube', 'Play [song name] on YouTube', or 'Open Notepad'. You can also just chat with me!"}, "runId": "pre-fix"}
{"sessionId": "5ce319", "timestamp": 1775153127451, "hypothesisId": "E", "location": "app.py:command", "message": "api_command", "data": {"received": "what you doing"}, "runId": "pre-fix"}
{"sessionId": "5ce319", "timestamp": 1775153127452, "hypothesisId": "A", "location": "app.py:parse_and_execute", "message": "enter", "data": {"text": "what you doing", "lower": "what you doing"}, "runId": "pre-fix"}
{"sessionId": "5ce319", "timestamp": 1775153127454, "hypothesisId": "A", "location": "app.py:parse_and_execute", "message": "no_open_verb", "data": {"lower": "what you doing"}, "runId": "pre-fix"}
{"sessionId": "5ce319", "timestamp": 1775153127456, "hypothesisId": "E", "location": "app.py:command", "message": "api_result", "data": {"ok": false, "action": "unknown", "message": "Try: 'Open YouTube', 'Play [song name] on YouTube', or 'Open Notepad'. You can also just chat with me!"}, "runId": "pre-fix"}
{"sessionId": "5ce319", "timestamp": 1775153130144, "hypothesisId": "E", "location": "app.py:command", "message": "api_command", "data": {"received": "hello"}, "runId": "pre-fix"}
{"sessionId": "5ce319", "timestamp": 1775153130145, "hypothesisId": "A", "location": "app.py:parse_and_execute", "message": "enter", "data": {"text": "hello", "lower": "hello"}, "runId": "pre-fix"}
{"sessionId": "5ce319", "timestamp": 1775153130146, "hypothesisId": "A", "location": "app.py:parse_and_execute", "message": "chat_response", "data": {"greeting": "hello", "response": "Hello! How can I help you?"}, "runId": "pre-fix"}
{"sessionId": "5ce319", "timestamp": 1775153130147, "hypothesisId": "E", "location": "app.py:command", "message": "api_result", "data": {"ok": true, "action": "chat", "message": "Hello! How can I help you?"}, "runId": "pre-fix"}
{"sessionId": "5ce319", "timestamp": 1775153217148, "hypothesisId": "E", "location": "app.py:command", "message": "api_command", "data": {"received": "YouTube"}, "runId": "pre-fix"}
{"sessionId": "5ce319", "timestamp": 1775153217150, "hypothesisId": "A", "location": "app.py:parse_and_execute", "message": "enter", "data": {"text": "YouTube", "lower": "youtube"}, "runId": "pre-fix"}
{"sessionId": "5ce319", "timestamp": 1775153217213, "hypothesisId": "E", "location": "app.py:command", "message": "api_result", "data": {"ok": true, "action": "youtube", "message": "Opened YouTube"}, "runId": "pre-fix"}
{"sessionId": "5ce319", "timestamp": 1775153224831, "hypothesisId": "E", "location": "app.py:command", "message": "api_command", "data": {"received": "open calculator"}, "runId": "pre-fix"}
{"sessionId": "5ce319", "timestamp": 1775153224832, "hypothesisId": "A", "location": "app.py:parse_and_execute", "message": "enter", "data": {"text": "open calculator", "lower": "open calculator"}, "runId": "pre-fix"}
{"sessionId": "5ce319", "timestamp": 1775153224833, "hypothesisId": "D", "location": "app.py:parse_and_execute", "message": "open_verb_parsed", "data": {"target": "calculator", "target_no_ws": "calculator"}, "runId": "pre-fix"}
{"sessionId": "5ce319", "timestamp": 1775153224834, "hypothesisId": "D", "location": "app.py:parse_and_execute", "message": "branch_app_mapped", "data": {"map_name": "calculator", "launch_cmd": "calc"}, "runId": "pre-fix"}
{"sessionId": "5ce319", "timestamp": 1775153224843, "hypothesisId": "B", "location": "app.py:_run_windows_app", "message": "candidates_built", "data": {"command": "calc", "which": "C:\\WINDOWS\\system32\\calc.EXE", "candidates": ["C:\\WINDOWS\\system32\\calc.EXE", "calc"], "resolved_files": ["C:\\WINDOWS\\system32\\calc.EXE"]}, "runId": "pre-fix"}
{"sessionId": "5ce319", "timestamp": 1775153224896, "hypothesisId": "B", "location": "app.py:_run_windows_app", "message": "launch_ok", "data": {"command": "calc", "method": "startfile", "path": "C:\\WINDOWS\\system32\\calc.EXE", "attempts": [{"path": "C:\\WINDOWS\\system32\\calc.EXE", "method": "startfile", "ok": true}]}, "runId": "pre-fix"}
{"sessionId": "5ce319", "timestamp": 1775153224897, "hypothesisId": "E", "location": "app.py:command", "message": "api_result", "data": {"ok": true, "action": "app", "message": "Opened: calc"}, "runId": "pre-fix"}
{"sessionId": "5ce319", "timestamp": 1775153324331, "hypothesisId": "E", "location": "app.py:command", "message": "api_command", "data": {"received": "timing"}, "runId": "pre-fix"}
{"sessionId": "5ce319", "timestamp": 1775153324333, "hypothesisId": "A", "location": "app.py:parse_and_execute", "message": "enter", "data": {"text": "timing", "lower": "timing"}, "runId": "pre-fix"}
{"sessionId": "5ce319", "timestamp": 1775153324336, "hypothesisId": "A", "location": "app.py:parse_and_execute", "message": "no_open_verb", "data": {"lower": "timing"}, "runId": "pre-fix"}
{"sessionId": "5ce319", "timestamp": 1775153324337, "hypothesisId": "E", "location": "app.py:command", "message": "api_result", "data": {"ok": false, "action": "unknown", "message": "Try: 'Open YouTube', 'search for something', 'what time is it', 'open documents', 'shutdown', or just chat with me!"}, "runId": "pre-fix"}
{"sessionId": "5ce319", "timestamp": 1775153336217, "hypothesisId": "E", "location": "app.py:command", "message": "api_command", "data": {"received": "what time is it"}, "runId": "pre-fix"}
{"sessionId": "5ce319", "timestamp": 1775153336219, "hypothesisId": "A", "location": "app.py:parse_and_execute", "message": "enter", "data": {"text": "what time is it", "lower": "what time is it"}, "runId": "pre-fix"}
{"sessionId": "5ce319", "timestamp": 1775153336219, "hypothesisId": "A", "location": "app.py:parse_and_execute", "message": "time_response", "data": {"response": "The current time is 11:38 PM."}, "runId": "pre-fix"}
{"sessionId": "5ce319", "timestamp": 1775153336222, "hypothesisId": "E", "location": "app.py:command", "message": "api_result", "data": {"ok": true, "action": "chat", "message": "The current time is 11:38 PM."}, "runId": "pre-fix"}
{"sessionId": "5ce319", "timestamp": 1775153400990, "hypothesisId": "E", "location": "app.py:command", "message": "api_command", "data": {"received": "play music"}, "runId": "pre-fix"}
{"sessionId": "5ce319", "timestamp": 1775153400991, "hypothesisId": "A", "location": "app.py:parse_and_execute", "message": "enter", "data": {"text": "play music", "lower": "play music"}, "runId": "pre-fix"}
{"sessionId": "5ce319", "timestamp": 1775153400993, "hypothesisId": "A", "location": "app.py:parse_and_execute", "message": "no_open_verb", "data": {"lower": "play music"}, "runId": "pre-fix"}
{"sessionId": "5ce319", "timestamp": 1775153400994, "hypothesisId": "E", "location": "app.py:command", "message": "api_result", "data": {"ok": false, "action": "unknown", "message": "Try: 'Open YouTube', 'search for something', 'what time is it', 'open documents', 'shutdown', or just chat with me!"}, "runId": "pre-fix"}
{"sessionId": "5ce319", "timestamp": 1775153514476, "hypothesisId": "E", "location": "app.py:command", "message": "api_command", "data": {"received": "open spotify"}, "runId": "pre-fix"}
{"sessionId": "5ce319", "timestamp": 1775153514478, "hypothesisId": "A", "location": "app.py:parse_and_execute", "message": "enter", "data": {"text": "open spotify", "lower": "open spotify"}, "runId": "pre-fix"}
{"sessionId": "5ce319", "timestamp": 1775153514668, "hypothesisId": "E", "location": "app.py:command", "message": "api_result", "data": {"ok": true, "action": "website", "message": "Opening Spotify"}, "runId": "pre-fix"}
{"sessionId": "5ce319", "timestamp": 1775153526911, "hypothesisId": "E", "location": "app.py:command", "message": "api_command", "data": {"received": "what is the time"}, "runId": "pre-fix"}
{"sessionId": "5ce319", "timestamp": 1775153526914, "hypothesisId": "A", "location": "app.py:parse_and_execute", "message": "enter", "data": {"text": "what is the time", "lower": "what is the time"}, "runId": "pre-fix"}
{"sessionId": "5ce319", "timestamp": 1775153526916, "hypothesisId": "A", "location": "app.py:parse_and_execute", "message": "chat_response", "data": {"greeting": "time", "response": "The current time is 11:42 PM."}, "runId": "pre-fix"}
{"sessionId": "5ce319", "timestamp": 1775153526917, "hypothesisId": "E", "location": "app.py:command", "message": "api_result", "data": {"ok": true, "action": "chat", "message": "The current time is 11:42 PM."}, "runId": "pre-fix"}
{"sessionId": "5ce319", "timestamp": 1775153534542, "hypothesisId": "E", "location": "app.py:command", "message": "api_command", "data": {"received": "open YouTube"}, "runId": "pre-fix"}
{"sessionId": "5ce319", "timestamp": 1775153534544, "hypothesisId": "A", "location": "app.py:parse_and_execute", "message": "enter", "data": {"text": "open YouTube", "lower": "open youtube"}, "runId": "pre-fix"}
{"sessionId": "5ce319", "timestamp": 1775153534661, "hypothesisId": "E", "location": "app.py:command", "message": "api_result", "data": {"ok": true, "action": "website", "message": "Opening Youtube"}, "runId": "pre-fix"}
{"sessionId": "5ce319", "timestamp": 1775153631773, "hypothesisId": "E", "location": "app.py:command", "message": "api_command", "data": {"received": "hello"}, "runId": "pre-fix"}
{"sessionId": "5ce319", "timestamp": 1775153631774, "hypothesisId": "A", "location": "app.py:parse_and_execute", "message": "enter", "data": {"text": "hello", "lower": "hello"}, "runId": "pre-fix"}
{"sessionId": "5ce319", "timestamp": 1775153631777, "hypothesisId": "A", "location": "app.py:parse_and_execute", "message": "chat_response", "data": {"greeting": "hello", "response": "Hello! How can I help you?"}, "runId": "pre-fix"}
{"sessionId": "5ce319", "timestamp": 1775153631779, "hypothesisId": "E", "location": "app.py:command", "message": "api_result", "data": {"ok": true, "action": "chat", "message": "Hello! How can I help you?"}, "runId": "pre-fix"}
{"sessionId": "5ce319", "timestamp": 1775153646315, "hypothesisId": "E", "location": "app.py:command", "message": "api_command", "data": {"received": "play music on YouTube"}, "runId": "pre-fix"}
{"sessionId": "5ce319", "timestamp": 1775153646315, "hypothesisId": "A", "location": "app.py:parse_and_execute", "message": "enter", "data": {"text": "play music on YouTube", "lower": "play music on youtube"}, "runId": "pre-fix"}
{"sessionId": "5ce319", "timestamp": 1775153646373, "hypothesisId": "E", "location": "app.py:command", "message": "api_result", "data": {"ok": true, "action": "website", "message": "Opening Youtube"}, "runId": "pre-fix"}
{"sessionId": "5ce319", "timestamp": 1775153784779, "hypothesisId": "E", "location": "app.py:command", "message": "api_command", "data": {"received": "play Raat Ke Shikari"}, "runId": "pre-fix"}
{"sessionId": "5ce319", "timestamp": 1775153784782, "hypothesisId": "A", "location": "app.py:parse_and_execute", "message": "enter", "data": {"text": "play Raat Ke Shikari", "lower": "play raat ke shikari"}, "runId": "pre-fix"}
{"sessionId": "5ce319", "timestamp": 1775153784784, "hypothesisId": "A", "location": "app.py:parse_and_execute", "message": "chat_response", "data": {"greeting": "hi", "response": "Hi there! What would you like me to do?"}, "runId": "pre-fix"}
{"sessionId": "5ce319", "timestamp": 1775153784785, "hypothesisId": "E", "location": "app.py:command", "message": "api_result", "data": {"ok": true, "action": "chat", "message": "Hi there! What would you like me to do?"}, "runId": "pre-fix"}
{"sessionId": "5ce319", "timestamp": 1775153800829, "hypothesisId": "E", "location": "app.py:command", "message": "api_command", "data": {"received": "play Raat Ke Shikari on YouTube"}, "runId": "pre-fix"}
{"sessionId": "5ce319", "timestamp": 1775153800832, "hypothesisId": "A", "location": "app.py:parse_and_execute", "message": "enter", "data": {"text": "play Raat Ke Shikari on YouTube", "lower": "play raat ke shikari on youtube"}, "runId": "pre-fix"}
{"sessionId": "5ce319", "timestamp": 1775153800833, "hypothesisId": "A", "location": "app.py:parse_and_execute", "message": "chat_response", "data": {"greeting": "hi", "response": "Hi there! What would you like me to do?"}, "runId": "pre-fix"}
{"sessionId": "5ce319", "timestamp": 1775153800834, "hypothesisId": "E", "location": "app.py:command", "message": "api_result", "data": {"ok": true, "action": "chat", "message": "Hi there! What would you like me to do?"}, "runId": "pre-fix"}
{"sessionId": "5ce319", "timestamp": 1775153817367, "hypothesisId": "E", "location": "app.py:command", "message": "api_command", "data": {"received": "open YouTube"}, "runId": "pre-fix"}
{"sessionId": "5ce319", "timestamp": 1775153817368, "hypothesisId": "A", "location": "app.py:parse_and_execute", "message": "enter", "data": {"text": "open YouTube", "lower": "open youtube"}, "runId": "pre-fix"}
{"sessionId": "5ce319", "timestamp": 1775153817564, "hypothesisId": "E", "location": "app.py:command", "message": "api_result", "data": {"ok": true, "action": "website", "message": "Opening Youtube"}, "runId": "pre-fix"}
